<?xml version="1.0" encoding="UTF-8"?>
<!-- Generated by org.testng.reporters.JUnitXMLReporter -->
<testsuite ignored="0" hostname="DESKTOP-M39P74M" failures="0" tests="6" name="Test" time="28.69" errors="0" timestamp="2024-12-16T10:00:39 PKT">
  <testcase classname="testBase.BaseClassReusablemethod" name="@BeforeClass setup" time="1.181">
    <failure type="org.openqa.selenium.SessionNotCreatedException" message="Could not start a new session. Response code 500. Message: session not created: This version of ChromeDriver only supports Chrome version 127
Current browser version is 131.0.6778.140 with binary path C:\Program Files\Google\Chrome\Application\chrome.exe 
Host info: host: &amp;apos;DESKTOP-M39P74M&amp;apos;, ip: &amp;apos;192.168.0.104&amp;apos;
Build info: version: &amp;apos;4.25.0&amp;apos;, revision: &amp;apos;8a8aea2337&amp;apos;
System info: os.name: &amp;apos;Windows 10&amp;apos;, os.arch: &amp;apos;amd64&amp;apos;, os.version: &amp;apos;10.0&amp;apos;, java.version: &amp;apos;17.0.4.1&amp;apos;
Driver info: org.openqa.selenium.chrome.ChromeDriver
Command: [null, newSession {capabilities=[Capabilities {browserName: chrome, goog:chromeOptions: {args: [], extensions: []}}]}]">
      <![CDATA[org.openqa.selenium.SessionNotCreatedException: Could not start a new session. Response code 500. Message: session not created: This version of ChromeDriver only supports Chrome version 127
Current browser version is 131.0.6778.140 with binary path C:\Program Files\Google\Chrome\Application\chrome.exe 
Host info: host: 'DESKTOP-M39P74M', ip: '192.168.0.104'
Build info: version: '4.25.0', revision: '8a8aea2337'
System info: os.name: 'Windows 10', os.arch: 'amd64', os.version: '10.0', java.version: '17.0.4.1'
Driver info: org.openqa.selenium.chrome.ChromeDriver
Command: [null, newSession {capabilities=[Capabilities {browserName: chrome, goog:chromeOptions: {args: [], extensions: []}}]}]
at org.openqa.selenium.remote.ProtocolHandshake.createSession(ProtocolHandshake.java:114)
at org.openqa.selenium.remote.ProtocolHandshake.createSession(ProtocolHandshake.java:75)
at org.openqa.selenium.remote.ProtocolHandshake.createSession(ProtocolHandshake.java:61)
at org.openqa.selenium.remote.HttpCommandExecutor.execute(HttpCommandExecutor.java:162)
at org.openqa.selenium.remote.service.DriverCommandExecutor.invokeExecute(DriverCommandExecutor.java:216)
at org.openqa.selenium.remote.service.DriverCommandExecutor.execute(DriverCommandExecutor.java:174)
at org.openqa.selenium.remote.RemoteWebDriver.execute(RemoteWebDriver.java:545)
at org.openqa.selenium.remote.RemoteWebDriver.startSession(RemoteWebDriver.java:245)
at org.openqa.selenium.remote.RemoteWebDriver.<init>(RemoteWebDriver.java:174)
at org.openqa.selenium.chromium.ChromiumDriver.<init>(ChromiumDriver.java:114)
at org.openqa.selenium.chrome.ChromeDriver.<init>(ChromeDriver.java:88)
at org.openqa.selenium.chrome.ChromeDriver.<init>(ChromeDriver.java:83)
at org.openqa.selenium.chrome.ChromeDriver.<init>(ChromeDriver.java:51)
at testBase.BaseClassReusablemethod.setup(BaseClassReusablemethod.java:89)
at java.base/java.util.ArrayList.forEach(ArrayList.java:1511)
... Removed 25 stack frames]]>
    </failure>
  </testcase> <!-- @BeforeClass setup -->
  <testcase classname="testBase.BaseClassReusablemethod" name="@AfterClass teardown" time="0.0">
    <skipped/>
  </testcase> <!-- @AfterClass teardown -->
  <testcase classname="testCase.TC006_forgetpassword" name="forgetpassword" time="20.226"/>
  <testcase classname="testCase.TC_005_SearchProductDataDriven" name="searchprodcutexcel" time="0.0">
    <skipped/>
  </testcase> <!-- searchprodcutexcel -->
  <testcase classname="testCase.TC_005_SearchProductDataDriven" name="searchprodcutexcel" time="0.0">
    <skipped/>
  </testcase> <!-- searchprodcutexcel -->
  <testcase classname="testCase.TC_005_SearchProductDataDriven" name="searchprodcutexcel" time="0.0">
    <skipped/>
  </testcase> <!-- searchprodcutexcel -->
  <testcase classname="testCase.TC_005_SearchProductDataDriven" name="searchprodcutexcel" time="0.0">
    <skipped/>
  </testcase> <!-- searchprodcutexcel -->
  <testcase classname="testCase.TC_005_SearchProductDataDriven" name="searchprodcutexcel" time="0.0">
    <skipped/>
  </testcase> <!-- searchprodcutexcel -->
</testsuite> <!-- Test -->
